May 27, 2025 6:00:45 PM edu.curtin.app.services.Simulation run
INFO: Simulation started.
May 27, 2025 6:00:46 PM edu.curtin.app.services.Simulation run
INFO: Day 1
May 27, 2025 6:00:47 PM edu.curtin.app.services.Simulation run
INFO: Day 2
May 27, 2025 6:00:47 PM edu.curtin.app.services.Simulation processMessage
INFO: Town founded: Creech_Dickward with population 85
May 27, 2025 6:00:47 PM edu.curtin.app.services.Simulation processMessage
WARNING: Skipped invalid message (not enough parts): 'Creech_Dickward slLM]~9L'
May 27, 2025 6:00:47 PM edu.curtin.app.services.Simulation processMessage
INFO: Town founded: Budbeth with population 420
May 27, 2025 6:00:48 PM edu.curtin.app.services.Simulation run
INFO: Day 3
May 27, 2025 6:00:49 PM edu.curtin.app.services.Simulation run
INFO: Day 4
May 27, 2025 6:00:49 PM edu.curtin.app.services.Simulation processMessage
INFO: Railway construction started between Creech_Dickward and Budbeth
May 27, 2025 6:00:50 PM edu.curtin.app.services.Simulation run
INFO: Day 5
May 27, 2025 6:00:51 PM edu.curtin.app.services.Simulation run
INFO: Day 6
May 27, 2025 6:00:51 PM edu.curtin.app.services.Simulation processMessage
INFO: Town founded: Kingston_Otster with population 392
May 27, 2025 6:00:52 PM edu.curtin.app.services.Simulation run
INFO: Day 7
May 27, 2025 6:00:53 PM edu.curtin.app.services.Simulation run
INFO: Day 8
May 27, 2025 6:00:53 PM edu.curtin.app.services.Simulation processMessage
INFO: Population updated: Kingston_Otster = 400
May 27, 2025 6:00:53 PM edu.curtin.app.services.Simulation processDay
INFO: Railway construction/upgrade completed between: Creech_Dickward and Budbeth
May 27, 2025 6:00:53 PM edu.curtin.app.services.Simulation processDay
FINE: Single-track transport: 100 goods from Creech_Dickward to Budbeth
May 27, 2025 6:00:54 PM edu.curtin.app.services.Simulation run
INFO: Day 9
May 27, 2025 6:00:54 PM edu.curtin.app.services.Simulation processMessage
INFO: Population updated: Creech_Dickward = 86
May 27, 2025 6:00:54 PM edu.curtin.app.services.Simulation processDay
FINE: Single-track transport: 100 goods from Budbeth to Creech_Dickward
May 27, 2025 6:00:55 PM edu.curtin.app.services.Simulation run
INFO: Day 10
May 27, 2025 6:00:55 PM edu.curtin.app.services.Simulation processMessage
INFO: Railway construction started between Kingston_Otster and Budbeth
May 27, 2025 6:00:55 PM edu.curtin.app.services.Simulation processDay
FINE: Single-track transport: 100 goods from Creech_Dickward to Budbeth
May 27, 2025 6:00:56 PM edu.curtin.app.services.Simulation run
INFO: Day 11
May 27, 2025 6:00:56 PM edu.curtin.app.services.Simulation processDay
FINE: Single-track transport: 100 goods from Budbeth to Creech_Dickward
May 27, 2025 6:00:57 PM edu.curtin.app.services.Simulation run
INFO: Day 12
May 27, 2025 6:00:57 PM edu.curtin.app.services.Simulation processDay
FINE: Single-track transport: 100 goods from Creech_Dickward to Budbeth
May 27, 2025 6:00:58 PM edu.curtin.app.services.Simulation run
INFO: Day 13
May 27, 2025 6:00:58 PM edu.curtin.app.services.Simulation processMessage
INFO: Population updated: Budbeth = 473
May 27, 2025 6:00:58 PM edu.curtin.app.services.Simulation processDay
FINE: Single-track transport: 100 goods from Budbeth to Creech_Dickward
May 27, 2025 6:00:59 PM edu.curtin.app.services.Simulation run
INFO: Day 14
May 27, 2025 6:00:59 PM edu.curtin.app.services.Simulation processMessage
INFO: Population updated: Creech_Dickward = 89
May 27, 2025 6:00:59 PM edu.curtin.app.services.Simulation processDay
INFO: Railway construction/upgrade completed between: Kingston_Otster and Budbeth
May 27, 2025 6:00:59 PM edu.curtin.app.services.Simulation processDay
FINE: Single-track transport: 100 goods from Creech_Dickward to Budbeth
May 27, 2025 6:00:59 PM edu.curtin.app.services.Simulation processDay
FINE: Single-track transport: 100 goods from Kingston_Otster to Budbeth
May 27, 2025 6:01:00 PM edu.curtin.app.services.Simulation run
INFO: Day 15
May 27, 2025 6:01:00 PM edu.curtin.app.services.Simulation processMessage
INFO: Population updated: Budbeth = 469
May 27, 2025 6:01:00 PM edu.curtin.app.services.Simulation processDay
FINE: Single-track transport: 100 goods from Budbeth to Creech_Dickward
May 27, 2025 6:01:00 PM edu.curtin.app.services.Simulation processDay
FINE: Single-track transport: 100 goods from Budbeth to Kingston_Otster
May 27, 2025 6:01:01 PM edu.curtin.app.services.Simulation run
INFO: Day 16
May 27, 2025 6:01:01 PM edu.curtin.app.services.Simulation processDay
FINE: Single-track transport: 100 goods from Creech_Dickward to Budbeth
May 27, 2025 6:01:01 PM edu.curtin.app.services.Simulation processDay
FINE: Single-track transport: 100 goods from Kingston_Otster to Budbeth
May 27, 2025 6:01:02 PM edu.curtin.app.services.Simulation run
INFO: Day 17
May 27, 2025 6:01:02 PM edu.curtin.app.services.Simulation processDay
FINE: Single-track transport: 100 goods from Budbeth to Creech_Dickward
May 27, 2025 6:01:02 PM edu.curtin.app.services.Simulation processDay
FINE: Single-track transport: 100 goods from Budbeth to Kingston_Otster
May 27, 2025 6:01:03 PM edu.curtin.app.services.Simulation run
INFO: Day 18
May 27, 2025 6:01:03 PM edu.curtin.app.services.Simulation processMessage
INFO: Railway construction started between Creech_Dickward and Kingston_Otster
May 27, 2025 6:01:03 PM edu.curtin.app.services.Simulation processDay
FINE: Single-track transport: 100 goods from Creech_Dickward to Budbeth
May 27, 2025 6:01:03 PM edu.curtin.app.services.Simulation processDay
FINE: Single-track transport: 100 goods from Kingston_Otster to Budbeth
May 27, 2025 6:01:04 PM edu.curtin.app.services.Simulation run
INFO: Day 19
May 27, 2025 6:01:04 PM edu.curtin.app.services.Simulation processDay
FINE: Single-track transport: 100 goods from Budbeth to Creech_Dickward
May 27, 2025 6:01:04 PM edu.curtin.app.services.Simulation processDay
FINE: Single-track transport: 100 goods from Budbeth to Kingston_Otster
May 27, 2025 6:01:05 PM edu.curtin.app.services.Simulation run
INFO: Day 20
May 27, 2025 6:01:05 PM edu.curtin.app.services.Simulation processDay
FINE: Single-track transport: 100 goods from Creech_Dickward to Budbeth
May 27, 2025 6:01:05 PM edu.curtin.app.services.Simulation processDay
FINE: Single-track transport: 100 goods from Kingston_Otster to Budbeth
May 27, 2025 6:01:06 PM edu.curtin.app.services.Simulation run
INFO: Day 21
May 27, 2025 6:01:06 PM edu.curtin.app.services.Simulation processMessage
WARNING: Unknown message type skipped: 'Ifm0lQlO Budbeth Creech_Dickward 149'
May 27, 2025 6:01:06 PM edu.curtin.app.services.Simulation processMessage
INFO: Town founded: East_Sexlade with population 161
May 27, 2025 6:01:06 PM edu.curtin.app.services.Simulation processDay
FINE: Single-track transport: 100 goods from Budbeth to Creech_Dickward
May 27, 2025 6:01:06 PM edu.curtin.app.services.Simulation processDay
FINE: Single-track transport: 100 goods from Budbeth to Kingston_Otster
May 27, 2025 6:01:07 PM edu.curtin.app.services.Simulation run
INFO: Day 22
May 27, 2025 6:01:07 PM edu.curtin.app.services.Simulation processMessage
INFO: Railway construction started between Budbeth and East_Sexlade
May 27, 2025 6:01:07 PM edu.curtin.app.services.Simulation processDay
INFO: Railway construction/upgrade completed between: Creech_Dickward and Kingston_Otster
May 27, 2025 6:01:07 PM edu.curtin.app.services.Simulation processDay
FINE: Single-track transport: 100 goods from Creech_Dickward to Budbeth
May 27, 2025 6:01:07 PM edu.curtin.app.services.Simulation processDay
FINE: Single-track transport: 100 goods from Kingston_Otster to Budbeth
May 27, 2025 6:01:07 PM edu.curtin.app.services.Simulation processDay
FINE: Single-track transport: 100 goods from Creech_Dickward to Kingston_Otster
May 27, 2025 6:01:08 PM edu.curtin.app.services.Simulation run
INFO: Day 23
May 27, 2025 6:01:08 PM edu.curtin.app.services.Simulation processDay
FINE: Single-track transport: 100 goods from Budbeth to Creech_Dickward
May 27, 2025 6:01:08 PM edu.curtin.app.services.Simulation processDay
FINE: Single-track transport: 100 goods from Budbeth to Kingston_Otster
May 27, 2025 6:01:08 PM edu.curtin.app.services.Simulation processDay
FINE: Single-track transport: 100 goods from Kingston_Otster to Creech_Dickward
May 27, 2025 6:01:09 PM edu.curtin.app.services.Simulation run
INFO: Day 24
May 27, 2025 6:01:09 PM edu.curtin.app.services.Simulation processMessage
WARNING: Railway construction skipped (invalid towns or already exists): railway-construction h0uXdyP Creech_Dickward East_Sexlade -656 ;l R#
May 27, 2025 6:01:09 PM edu.curtin.app.services.Simulation processMessage
INFO: Railway construction started between Creech_Dickward and East_Sexlade
May 27, 2025 6:01:09 PM edu.curtin.app.services.Simulation processDay
FINE: Single-track transport: 100 goods from Creech_Dickward to Budbeth
May 27, 2025 6:01:09 PM edu.curtin.app.services.Simulation processDay
FINE: Single-track transport: 100 goods from Kingston_Otster to Budbeth
May 27, 2025 6:01:09 PM edu.curtin.app.services.Simulation processDay
FINE: Single-track transport: 100 goods from Creech_Dickward to Kingston_Otster
May 27, 2025 6:01:10 PM edu.curtin.app.services.Simulation run
INFO: Day 25
May 27, 2025 6:01:10 PM edu.curtin.app.services.Simulation processMessage
INFO: Population updated: Kingston_Otster = 376
May 27, 2025 6:01:10 PM edu.curtin.app.services.Simulation processDay
FINE: Single-track transport: 100 goods from Budbeth to Creech_Dickward
May 27, 2025 6:01:10 PM edu.curtin.app.services.Simulation processDay
FINE: Single-track transport: 100 goods from Budbeth to Kingston_Otster
May 27, 2025 6:01:10 PM edu.curtin.app.services.Simulation processDay
FINE: Single-track transport: 100 goods from Kingston_Otster to Creech_Dickward
May 27, 2025 6:01:11 PM edu.curtin.app.services.Simulation run
INFO: Day 26
May 27, 2025 6:01:11 PM edu.curtin.app.services.Simulation processDay
INFO: Railway construction/upgrade completed between: Budbeth and East_Sexlade
May 27, 2025 6:01:11 PM edu.curtin.app.services.Simulation processDay
FINE: Single-track transport: 100 goods from Creech_Dickward to Budbeth
May 27, 2025 6:01:11 PM edu.curtin.app.services.Simulation processDay
FINE: Single-track transport: 100 goods from Kingston_Otster to Budbeth
May 27, 2025 6:01:11 PM edu.curtin.app.services.Simulation processDay
FINE: Single-track transport: 100 goods from Creech_Dickward to Kingston_Otster
May 27, 2025 6:01:11 PM edu.curtin.app.services.Simulation processDay
FINE: Single-track transport: 100 goods from Budbeth to East_Sexlade
May 27, 2025 6:01:12 PM edu.curtin.app.services.Simulation run
INFO: Day 27
May 27, 2025 6:01:12 PM edu.curtin.app.services.Simulation processMessage
WARNING: Skipped invalid message (not enough parts): 'Kingston_Otster Creech_Dickward'
May 27, 2025 6:01:12 PM edu.curtin.app.services.Simulation processDay
FINE: Single-track transport: 100 goods from Budbeth to Creech_Dickward
May 27, 2025 6:01:12 PM edu.curtin.app.services.Simulation processDay
FINE: Single-track transport: 100 goods from Budbeth to Kingston_Otster
May 27, 2025 6:01:12 PM edu.curtin.app.services.Simulation processDay
FINE: Single-track transport: 100 goods from Kingston_Otster to Creech_Dickward
May 27, 2025 6:01:12 PM edu.curtin.app.services.Simulation processDay
FINE: Single-track transport: 100 goods from East_Sexlade to Budbeth
May 27, 2025 6:01:13 PM edu.curtin.app.services.Simulation run
INFO: Day 28
May 27, 2025 6:01:13 PM edu.curtin.app.services.Simulation processMessage
INFO: Railway construction started between East_Sexlade and Kingston_Otster
May 27, 2025 6:01:13 PM edu.curtin.app.services.Simulation processDay
INFO: Railway construction/upgrade completed between: Creech_Dickward and East_Sexlade
May 27, 2025 6:01:13 PM edu.curtin.app.services.Simulation processDay
FINE: Single-track transport: 100 goods from Creech_Dickward to Budbeth
May 27, 2025 6:01:13 PM edu.curtin.app.services.Simulation processDay
FINE: Single-track transport: 100 goods from Kingston_Otster to Budbeth
May 27, 2025 6:01:13 PM edu.curtin.app.services.Simulation processDay
FINE: Single-track transport: 100 goods from Creech_Dickward to Kingston_Otster
May 27, 2025 6:01:13 PM edu.curtin.app.services.Simulation processDay
FINE: Single-track transport: 100 goods from Budbeth to East_Sexlade
May 27, 2025 6:01:13 PM edu.curtin.app.services.Simulation processDay
FINE: Single-track transport: 100 goods from Creech_Dickward to East_Sexlade
May 27, 2025 6:01:14 PM edu.curtin.app.services.Simulation run
INFO: Day 29
May 27, 2025 6:01:14 PM edu.curtin.app.services.Simulation processMessage
INFO: Population updated: East_Sexlade = 158
May 27, 2025 6:01:14 PM edu.curtin.app.services.Simulation processMessage
INFO: Population updated: Creech_Dickward = 97
May 27, 2025 6:01:14 PM edu.curtin.app.services.Simulation processDay
FINE: Single-track transport: 100 goods from Budbeth to Creech_Dickward
May 27, 2025 6:01:14 PM edu.curtin.app.services.Simulation processDay
FINE: Single-track transport: 100 goods from Budbeth to Kingston_Otster
May 27, 2025 6:01:14 PM edu.curtin.app.services.Simulation processDay
FINE: Single-track transport: 100 goods from Kingston_Otster to Creech_Dickward
May 27, 2025 6:01:14 PM edu.curtin.app.services.Simulation processDay
FINE: Single-track transport: 100 goods from East_Sexlade to Budbeth
May 27, 2025 6:01:14 PM edu.curtin.app.services.Simulation processDay
FINE: Single-track transport: 100 goods from East_Sexlade to Creech_Dickward
May 27, 2025 6:01:15 PM edu.curtin.app.services.Simulation run
INFO: Day 30
May 27, 2025 6:01:15 PM edu.curtin.app.services.Simulation processDay
FINE: Single-track transport: 100 goods from Creech_Dickward to Budbeth
May 27, 2025 6:01:15 PM edu.curtin.app.services.Simulation processDay
FINE: Single-track transport: 100 goods from Kingston_Otster to Budbeth
May 27, 2025 6:01:15 PM edu.curtin.app.services.Simulation processDay
FINE: Single-track transport: 100 goods from Creech_Dickward to Kingston_Otster
May 27, 2025 6:01:15 PM edu.curtin.app.services.Simulation processDay
FINE: Single-track transport: 100 goods from Budbeth to East_Sexlade
May 27, 2025 6:01:15 PM edu.curtin.app.services.Simulation processDay
FINE: Single-track transport: 100 goods from Creech_Dickward to East_Sexlade
May 27, 2025 6:01:16 PM edu.curtin.app.services.Simulation run
INFO: Day 31
May 27, 2025 6:01:16 PM edu.curtin.app.services.Simulation processMessage
INFO: Population updated: East_Sexlade = 150
May 27, 2025 6:01:16 PM edu.curtin.app.services.Simulation processDay
FINE: Single-track transport: 100 goods from Budbeth to Creech_Dickward
May 27, 2025 6:01:16 PM edu.curtin.app.services.Simulation processDay
FINE: Single-track transport: 100 goods from Budbeth to Kingston_Otster
May 27, 2025 6:01:16 PM edu.curtin.app.services.Simulation processDay
FINE: Single-track transport: 100 goods from Kingston_Otster to Creech_Dickward
May 27, 2025 6:01:16 PM edu.curtin.app.services.Simulation processDay
FINE: Single-track transport: 100 goods from East_Sexlade to Budbeth
May 27, 2025 6:01:16 PM edu.curtin.app.services.Simulation processDay
FINE: Single-track transport: 100 goods from East_Sexlade to Creech_Dickward
May 27, 2025 6:01:17 PM edu.curtin.app.services.Simulation run
INFO: Day 32
May 27, 2025 6:01:17 PM edu.curtin.app.services.Simulation processMessage
INFO: Railway duplication started between Budbeth and Creech_Dickward
May 27, 2025 6:01:17 PM edu.curtin.app.services.Simulation processMessage
INFO: Population updated: Kingston_Otster = 427
May 27, 2025 6:01:17 PM edu.curtin.app.services.Simulation processMessage
INFO: Population updated: Budbeth = 511
May 27, 2025 6:01:17 PM edu.curtin.app.services.Simulation processDay
INFO: Railway construction/upgrade completed between: East_Sexlade and Kingston_Otster
May 27, 2025 6:01:17 PM edu.curtin.app.services.Simulation processDay
FINE: Single-track transport: 100 goods from Kingston_Otster to Budbeth
May 27, 2025 6:01:17 PM edu.curtin.app.services.Simulation processDay
FINE: Single-track transport: 100 goods from Creech_Dickward to Kingston_Otster
May 27, 2025 6:01:17 PM edu.curtin.app.services.Simulation processDay
FINE: Single-track transport: 100 goods from Budbeth to East_Sexlade
May 27, 2025 6:01:17 PM edu.curtin.app.services.Simulation processDay
FINE: Single-track transport: 100 goods from Creech_Dickward to East_Sexlade
May 27, 2025 6:01:17 PM edu.curtin.app.services.Simulation processDay
FINE: Single-track transport: 100 goods from East_Sexlade to Kingston_Otster
May 27, 2025 6:01:18 PM edu.curtin.app.services.Simulation run
INFO: Day 33
May 27, 2025 6:01:18 PM edu.curtin.app.services.Simulation processMessage
WARNING: Skipped invalid message (not enough parts): 'East_Sexlade East_Sexlade'
May 27, 2025 6:01:18 PM edu.curtin.app.services.Simulation processMessage
INFO: Railway duplication started between Kingston_Otster and Budbeth
May 27, 2025 6:01:18 PM edu.curtin.app.services.Simulation processDay
FINE: Single-track transport: 100 goods from Kingston_Otster to Creech_Dickward
May 27, 2025 6:01:18 PM edu.curtin.app.services.Simulation processDay
FINE: Single-track transport: 100 goods from East_Sexlade to Budbeth
May 27, 2025 6:01:18 PM edu.curtin.app.services.Simulation processDay
FINE: Single-track transport: 100 goods from East_Sexlade to Creech_Dickward
May 27, 2025 6:01:18 PM edu.curtin.app.services.Simulation processDay
FINE: Single-track transport: 100 goods from Kingston_Otster to East_Sexlade
May 27, 2025 6:01:19 PM edu.curtin.app.services.Simulation run
INFO: Day 34
May 27, 2025 6:01:19 PM edu.curtin.app.services.Simulation processDay
FINE: Single-track transport: 100 goods from Creech_Dickward to Kingston_Otster
May 27, 2025 6:01:19 PM edu.curtin.app.services.Simulation processDay
FINE: Single-track transport: 100 goods from Budbeth to East_Sexlade
May 27, 2025 6:01:19 PM edu.curtin.app.services.Simulation processDay
FINE: Single-track transport: 100 goods from Creech_Dickward to East_Sexlade
May 27, 2025 6:01:19 PM edu.curtin.app.services.Simulation processDay
FINE: Single-track transport: 100 goods from East_Sexlade to Kingston_Otster
May 27, 2025 6:01:20 PM edu.curtin.app.services.Simulation run
INFO: Day 35
May 27, 2025 6:01:20 PM edu.curtin.app.services.Simulation processDay
FINE: Single-track transport: 100 goods from Kingston_Otster to Creech_Dickward
May 27, 2025 6:01:20 PM edu.curtin.app.services.Simulation processDay
FINE: Single-track transport: 100 goods from East_Sexlade to Budbeth
May 27, 2025 6:01:20 PM edu.curtin.app.services.Simulation processDay
FINE: Single-track transport: 100 goods from East_Sexlade to Creech_Dickward
May 27, 2025 6:01:20 PM edu.curtin.app.services.Simulation processDay
FINE: Single-track transport: 100 goods from Kingston_Otster to East_Sexlade
May 27, 2025 6:01:21 PM edu.curtin.app.services.Simulation run
INFO: Day 36
May 27, 2025 6:01:21 PM edu.curtin.app.services.Simulation processMessage
INFO: Population updated: East_Sexlade = 139
May 27, 2025 6:01:21 PM edu.curtin.app.services.Simulation processDay
INFO: Railway construction/upgrade completed between: Creech_Dickward and Budbeth
May 27, 2025 6:01:21 PM edu.curtin.app.services.Simulation processDay
FINE: Dual-track transport: 100 goods from Creech_Dickward to Budbeth
May 27, 2025 6:01:21 PM edu.curtin.app.services.Simulation processDay
FINE: Dual-track transport: 100 goods from Budbeth to Creech_Dickward
May 27, 2025 6:01:21 PM edu.curtin.app.services.Simulation processDay
FINE: Single-track transport: 100 goods from Creech_Dickward to Kingston_Otster
May 27, 2025 6:01:21 PM edu.curtin.app.services.Simulation processDay
FINE: Single-track transport: 100 goods from Budbeth to East_Sexlade
May 27, 2025 6:01:21 PM edu.curtin.app.services.Simulation processDay
FINE: Single-track transport: 100 goods from Creech_Dickward to East_Sexlade
May 27, 2025 6:01:21 PM edu.curtin.app.services.Simulation processDay
FINE: Single-track transport: 100 goods from East_Sexlade to Kingston_Otster
May 27, 2025 6:01:22 PM edu.curtin.app.services.Simulation run
INFO: Day 37
May 27, 2025 6:01:22 PM edu.curtin.app.services.Simulation processDay
INFO: Railway construction/upgrade completed between: Kingston_Otster and Budbeth
May 27, 2025 6:01:22 PM edu.curtin.app.services.Simulation processDay
FINE: Dual-track transport: 100 goods from Creech_Dickward to Budbeth
May 27, 2025 6:01:22 PM edu.curtin.app.services.Simulation processDay
FINE: Dual-track transport: 100 goods from Budbeth to Creech_Dickward
May 27, 2025 6:01:22 PM edu.curtin.app.services.Simulation processDay
FINE: Dual-track transport: 100 goods from Kingston_Otster to Budbeth
May 27, 2025 6:01:22 PM edu.curtin.app.services.Simulation processDay
FINE: Dual-track transport: 100 goods from Budbeth to Kingston_Otster
May 27, 2025 6:01:22 PM edu.curtin.app.services.Simulation processDay
FINE: Single-track transport: 100 goods from Kingston_Otster to Creech_Dickward
May 27, 2025 6:01:22 PM edu.curtin.app.services.Simulation processDay
FINE: Single-track transport: 100 goods from East_Sexlade to Budbeth
May 27, 2025 6:01:22 PM edu.curtin.app.services.Simulation processDay
FINE: Single-track transport: 100 goods from East_Sexlade to Creech_Dickward
May 27, 2025 6:01:22 PM edu.curtin.app.services.Simulation processDay
FINE: Single-track transport: 100 goods from Kingston_Otster to East_Sexlade
May 27, 2025 6:01:23 PM edu.curtin.app.services.Simulation run
INFO: Day 38
May 27, 2025 6:01:23 PM edu.curtin.app.services.Simulation processMessage
INFO: Population updated: East_Sexlade = 162
May 27, 2025 6:01:23 PM edu.curtin.app.services.Simulation processDay
FINE: Dual-track transport: 100 goods from Creech_Dickward to Budbeth
May 27, 2025 6:01:23 PM edu.curtin.app.services.Simulation processDay
FINE: Dual-track transport: 100 goods from Budbeth to Creech_Dickward
May 27, 2025 6:01:23 PM edu.curtin.app.services.Simulation processDay
FINE: Dual-track transport: 100 goods from Kingston_Otster to Budbeth
May 27, 2025 6:01:23 PM edu.curtin.app.services.Simulation processDay
FINE: Dual-track transport: 100 goods from Budbeth to Kingston_Otster
May 27, 2025 6:01:23 PM edu.curtin.app.services.Simulation processDay
FINE: Single-track transport: 100 goods from Creech_Dickward to Kingston_Otster
May 27, 2025 6:01:23 PM edu.curtin.app.services.Simulation processDay
FINE: Single-track transport: 100 goods from Budbeth to East_Sexlade
May 27, 2025 6:01:23 PM edu.curtin.app.services.Simulation processDay
FINE: Single-track transport: 100 goods from Creech_Dickward to East_Sexlade
May 27, 2025 6:01:23 PM edu.curtin.app.services.Simulation processDay
FINE: Single-track transport: 100 goods from East_Sexlade to Kingston_Otster
May 27, 2025 6:01:24 PM edu.curtin.app.services.Simulation run
INFO: Day 39
May 27, 2025 6:01:24 PM edu.curtin.app.services.Simulation processMessage
INFO: Railway duplication started between Creech_Dickward and East_Sexlade
May 27, 2025 6:01:24 PM edu.curtin.app.services.Simulation processDay
FINE: Dual-track transport: 100 goods from Creech_Dickward to Budbeth
May 27, 2025 6:01:24 PM edu.curtin.app.services.Simulation processDay
FINE: Dual-track transport: 100 goods from Budbeth to Creech_Dickward
May 27, 2025 6:01:24 PM edu.curtin.app.services.Simulation processDay
FINE: Dual-track transport: 100 goods from Kingston_Otster to Budbeth
May 27, 2025 6:01:24 PM edu.curtin.app.services.Simulation processDay
FINE: Dual-track transport: 100 goods from Budbeth to Kingston_Otster
May 27, 2025 6:01:24 PM edu.curtin.app.services.Simulation processDay
FINE: Single-track transport: 100 goods from Kingston_Otster to Creech_Dickward
May 27, 2025 6:01:24 PM edu.curtin.app.services.Simulation processDay
FINE: Single-track transport: 100 goods from East_Sexlade to Budbeth
May 27, 2025 6:01:24 PM edu.curtin.app.services.Simulation processDay
FINE: Single-track transport: 100 goods from Kingston_Otster to East_Sexlade
May 27, 2025 6:01:25 PM edu.curtin.app.services.Simulation run
INFO: Day 40
May 27, 2025 6:01:25 PM edu.curtin.app.services.Simulation processDay
FINE: Dual-track transport: 100 goods from Creech_Dickward to Budbeth
May 27, 2025 6:01:25 PM edu.curtin.app.services.Simulation processDay
FINE: Dual-track transport: 100 goods from Budbeth to Creech_Dickward
May 27, 2025 6:01:25 PM edu.curtin.app.services.Simulation processDay
FINE: Dual-track transport: 100 goods from Kingston_Otster to Budbeth
May 27, 2025 6:01:25 PM edu.curtin.app.services.Simulation processDay
FINE: Dual-track transport: 100 goods from Budbeth to Kingston_Otster
May 27, 2025 6:01:25 PM edu.curtin.app.services.Simulation processDay
FINE: Single-track transport: 100 goods from Creech_Dickward to Kingston_Otster
May 27, 2025 6:01:25 PM edu.curtin.app.services.Simulation processDay
FINE: Single-track transport: 100 goods from Budbeth to East_Sexlade
May 27, 2025 6:01:25 PM edu.curtin.app.services.Simulation processDay
FINE: Single-track transport: 100 goods from East_Sexlade to Kingston_Otster
May 27, 2025 6:01:26 PM edu.curtin.app.services.Simulation run
INFO: Simulation ended and all observers removed.
